<?xml version="1.0" encoding="UTF-8"?>
<TestRun id="7ae6aeb4-cc82-4d5a-9807-8dd974e71078" name="fora@DELL 2015-08-18 02:19:17" runUser="dell\fora" xmlns="http://microsoft.com/schemas/VisualStudio/TeamTest/2010">
  <TestSettings name="Local" id="ae7f9b34-cdf6-4f5e-886b-aeb8da462ab8">
    <Description>These are default test settings for a local test run.</Description>
    <Deployment enabled="false" runDeploymentRoot="fora_DELL 2015-08-18 02_19_17">
      <DeploymentItem filename="B:\студия\Курсы C#\Task4\Data\Contacts\Contacts\Contacts\bin\Debug\Contacts.exe" />
    </Deployment>
    <Execution>
      <TestTypeSpecific />
      <AgentRule name="Execution Agents">
      </AgentRule>
    </Execution>
  </TestSettings>
  <Times creation="2015-08-18T02:19:17.6709467+06:00" queuing="2015-08-18T02:19:17.6930458+06:00" start="2015-08-18T02:19:17.7020524+06:00" finish="2015-08-18T02:19:17.9632386+06:00" />
  <ResultSummary outcome="Completed">
    <Counters total="1" executed="1" passed="1" error="0" failed="0" timeout="0" aborted="0" inconclusive="0" passedButRunAborted="0" notRunnable="0" notExecuted="0" disconnected="0" warning="0" completed="0" inProgress="0" pending="0" />
  </ResultSummary>
  <TestDefinitions>
    <UnitTest name="ChangeCardSynCodeTest_CheckSynCodeIsZeroException" storage="b:\студия\курсы c#\task4\data\contacts\contacts\unittest\bin\debug\unittest.dll" id="dfd0ef85-908a-c826-bb07-b9eeaba81ceb">
      <Execution id="11871604-5594-45a3-8993-66116d82e873" />
      <TestMethod codeBase="B:/студия/Курсы C#/Task4/Data/Contacts/Contacts/Unittest/bin/Debug/Unittest.DLL" adapterTypeName="Microsoft.VisualStudio.TestTools.TestTypes.Unit.UnitTestAdapter, Microsoft.VisualStudio.QualityTools.Tips.UnitTest.Adapter, Version=10.0.0.0, Culture=neutral, PublicKeyToken=b03f5f7f11d50a3a" className="Unittest.CardTest, Unittest, Version=1.0.0.0, Culture=neutral, PublicKeyToken=null" name="ChangeCardSynCodeTest_CheckSynCodeIsZeroException" />
    </UnitTest>
  </TestDefinitions>
  <TestLists>
    <TestList name="Results Not in a List" id="8c84fa94-04c1-424b-9868-57a2d4851a1d" />
    <TestList name="All Loaded Results" id="19431567-8539-422a-85d7-44ee4e166bda" />
  </TestLists>
  <TestEntries>
    <TestEntry testId="dfd0ef85-908a-c826-bb07-b9eeaba81ceb" executionId="11871604-5594-45a3-8993-66116d82e873" testListId="8c84fa94-04c1-424b-9868-57a2d4851a1d" />
  </TestEntries>
  <Results>
    <UnitTestResult executionId="11871604-5594-45a3-8993-66116d82e873" testId="dfd0ef85-908a-c826-bb07-b9eeaba81ceb" testName="ChangeCardSynCodeTest_CheckSynCodeIsZeroException" computerName="DELL" duration="00:00:00.0234440" startTime="2015-08-18T02:19:17.7030565+06:00" endTime="2015-08-18T02:19:17.9502305+06:00" testType="13cdc9d9-ddb5-4fa4-a97d-d965ccfc6d4b" outcome="Passed" testListId="8c84fa94-04c1-424b-9868-57a2d4851a1d" relativeResultsDirectory="11871604-5594-45a3-8993-66116d82e873">
    </UnitTestResult>
  </Results>
</TestRun>