<?xml version="1.0" encoding="UTF-8"?>
<TestRun id="a15cd0ab-7080-487e-b0d8-024cc7d85ba8" name="fora@DELL 2015-08-18 04:27:47" runUser="dell\fora" xmlns="http://microsoft.com/schemas/VisualStudio/TeamTest/2010">
  <TestSettings name="Local" id="ae7f9b34-cdf6-4f5e-886b-aeb8da462ab8">
    <Description>These are default test settings for a local test run.</Description>
    <Deployment enabled="false" runDeploymentRoot="fora_DELL 2015-08-18 04_27_47">
      <DeploymentItem filename="B:\студия\Курсы C#\Task4\Data\Contacts\Contacts\Contacts\bin\Debug\Contacts.exe" />
    </Deployment>
    <Execution>
      <TestTypeSpecific />
      <AgentRule name="Execution Agents">
      </AgentRule>
    </Execution>
  </TestSettings>
  <Times creation="2015-08-18T04:27:47.8844306+06:00" queuing="2015-08-18T04:27:48.9205539+06:00" start="2015-08-18T04:27:49.0946772+06:00" finish="2015-08-18T04:29:31.8530710+06:00" />
  <ResultSummary outcome="Error">
    <Counters total="1" executed="1" error="0" failed="0" timeout="0" aborted="1" inconclusive="0" passedButRunAborted="0" notRunnable="0" notExecuted="0" disconnected="0" warning="0" passed="0" completed="0" inProgress="0" pending="0" />
    <RunInfos>
      <RunInfo computerName="DELL" outcome="Error" timestamp="2015-08-18T04:29:31.8520696+06:00">
        <Text>Test host process exited unexpectedly.</Text>
      </RunInfo>
    </RunInfos>
  </ResultSummary>
  <TestDefinitions>
    <UnitTest name="ToXmlTest" storage="b:\студия\курсы c#\task4\data\contacts\contacts\unittest\bin\debug\unittest.dll" id="29c6250f-b6cf-4d68-153d-6d3df6695a0e">
      <Execution id="0de9dc66-200c-4a28-af61-ec4c67f1f3a6" />
      <TestMethod codeBase="B:/студия/Курсы C#/Task4/Data/Contacts/Contacts/Unittest/bin/Debug/Unittest.DLL" adapterTypeName="Microsoft.VisualStudio.TestTools.TestTypes.Unit.UnitTestAdapter, Microsoft.VisualStudio.QualityTools.Tips.UnitTest.Adapter, Version=10.0.0.0, Culture=neutral, PublicKeyToken=b03f5f7f11d50a3a" className="Unittest.CardTest, Unittest, Version=1.0.0.0, Culture=neutral, PublicKeyToken=null" name="ToXmlTest" />
    </UnitTest>
  </TestDefinitions>
  <TestLists>
    <TestList name="Results Not in a List" id="8c84fa94-04c1-424b-9868-57a2d4851a1d" />
    <TestList name="All Loaded Results" id="19431567-8539-422a-85d7-44ee4e166bda" />
  </TestLists>
  <TestEntries>
    <TestEntry testId="29c6250f-b6cf-4d68-153d-6d3df6695a0e" executionId="0de9dc66-200c-4a28-af61-ec4c67f1f3a6" testListId="8c84fa94-04c1-424b-9868-57a2d4851a1d" />
  </TestEntries>
  <Results>
    <UnitTestResult executionId="0de9dc66-200c-4a28-af61-ec4c67f1f3a6" testId="29c6250f-b6cf-4d68-153d-6d3df6695a0e" testName="ToXmlTest" computerName="DELL" duration="00:01:42.6653266" startTime="2015-08-18T04:27:49.1877444+06:00" endTime="2015-08-18T04:29:31.8530710+06:00" testType="13cdc9d9-ddb5-4fa4-a97d-d965ccfc6d4b" outcome="Aborted" testListId="8c84fa94-04c1-424b-9868-57a2d4851a1d" relativeResultsDirectory="0de9dc66-200c-4a28-af61-ec4c67f1f3a6">
    </UnitTestResult>
  </Results>
</TestRun>