<?xml version="1.0" encoding="UTF-8"?>
<TestRun id="d1224c9f-5279-44aa-9f34-a54a4c541584" name="fora@DELL 2015-08-18 04:30:49" runUser="dell\fora" xmlns="http://microsoft.com/schemas/VisualStudio/TeamTest/2010">
  <TestSettings name="Local" id="ae7f9b34-cdf6-4f5e-886b-aeb8da462ab8">
    <Description>These are default test settings for a local test run.</Description>
    <Deployment enabled="false" runDeploymentRoot="fora_DELL 2015-08-18 04_30_49">
      <DeploymentItem filename="B:\студия\Курсы C#\Task4\Data\Contacts\Contacts\Contacts\bin\Debug\Contacts.exe" />
    </Deployment>
    <Execution>
      <TestTypeSpecific />
      <AgentRule name="Execution Agents">
      </AgentRule>
    </Execution>
  </TestSettings>
  <Times creation="2015-08-18T04:30:49.4016810+06:00" queuing="2015-08-18T04:30:50.4834296+06:00" start="2015-08-18T04:30:50.5995112+06:00" finish="2015-08-18T04:32:09.4302444+06:00" />
  <ResultSummary outcome="Error">
    <Counters total="1" executed="1" error="0" failed="0" timeout="0" aborted="1" inconclusive="0" passedButRunAborted="0" notRunnable="0" notExecuted="0" disconnected="0" warning="0" passed="0" completed="0" inProgress="0" pending="0" />
    <RunInfos>
      <RunInfo computerName="DELL" outcome="Error" timestamp="2015-08-18T04:32:09.4292430+06:00">
        <Text>Test host process exited unexpectedly.</Text>
      </RunInfo>
    </RunInfos>
  </ResultSummary>
  <TestDefinitions>
    <UnitTest name="ToXmlTest" storage="b:\студия\курсы c#\task4\data\contacts\contacts\unittest\bin\debug\unittest.dll" id="29c6250f-b6cf-4d68-153d-6d3df6695a0e">
      <Execution id="49a2cc48-62be-49bf-91d8-cbd2ab7de7d8" />
      <TestMethod codeBase="B:/студия/Курсы C#/Task4/Data/Contacts/Contacts/Unittest/bin/Debug/Unittest.DLL" adapterTypeName="Microsoft.VisualStudio.TestTools.TestTypes.Unit.UnitTestAdapter, Microsoft.VisualStudio.QualityTools.Tips.UnitTest.Adapter, Version=10.0.0.0, Culture=neutral, PublicKeyToken=b03f5f7f11d50a3a" className="Unittest.CardTest, Unittest, Version=1.0.0.0, Culture=neutral, PublicKeyToken=null" name="ToXmlTest" />
    </UnitTest>
  </TestDefinitions>
  <TestLists>
    <TestList name="Results Not in a List" id="8c84fa94-04c1-424b-9868-57a2d4851a1d" />
    <TestList name="All Loaded Results" id="19431567-8539-422a-85d7-44ee4e166bda" />
  </TestLists>
  <TestEntries>
    <TestEntry testId="29c6250f-b6cf-4d68-153d-6d3df6695a0e" executionId="49a2cc48-62be-49bf-91d8-cbd2ab7de7d8" testListId="8c84fa94-04c1-424b-9868-57a2d4851a1d" />
  </TestEntries>
  <Results>
    <UnitTestResult executionId="49a2cc48-62be-49bf-91d8-cbd2ab7de7d8" testId="29c6250f-b6cf-4d68-153d-6d3df6695a0e" testName="ToXmlTest" computerName="DELL" duration="00:01:18.7416698" startTime="2015-08-18T04:30:50.6885746+06:00" endTime="2015-08-18T04:32:09.4302444+06:00" testType="13cdc9d9-ddb5-4fa4-a97d-d965ccfc6d4b" outcome="Aborted" testListId="8c84fa94-04c1-424b-9868-57a2d4851a1d" relativeResultsDirectory="49a2cc48-62be-49bf-91d8-cbd2ab7de7d8">
    </UnitTestResult>
  </Results>
</TestRun>