<?xml version="1.0" encoding="UTF-8"?>
<TestRun id="7caa24cc-129f-416e-8b3c-66993c970d00" name="fora@DELL 2015-08-18 04:35:20" runUser="dell\fora" xmlns="http://microsoft.com/schemas/VisualStudio/TeamTest/2010">
  <TestSettings name="Local" id="ae7f9b34-cdf6-4f5e-886b-aeb8da462ab8">
    <Description>These are default test settings for a local test run.</Description>
    <Deployment enabled="false" runDeploymentRoot="fora_DELL 2015-08-18 04_35_20">
      <DeploymentItem filename="B:\студия\Курсы C#\Task4\Data\Contacts\Contacts\Contacts\bin\Debug\Contacts.exe" />
    </Deployment>
    <Execution>
      <TestTypeSpecific />
      <AgentRule name="Execution Agents">
      </AgentRule>
    </Execution>
  </TestSettings>
  <Times creation="2015-08-18T04:35:20.7017381+06:00" queuing="2015-08-18T04:35:21.9307065+06:00" start="2015-08-18T04:35:22.0477868+06:00" finish="2015-08-18T04:35:38.9439909+06:00" />
  <ResultSummary outcome="Completed">
    <Counters total="1" executed="1" passed="1" error="0" failed="0" timeout="0" aborted="0" inconclusive="0" passedButRunAborted="0" notRunnable="0" notExecuted="0" disconnected="0" warning="0" completed="0" inProgress="0" pending="0" />
  </ResultSummary>
  <TestDefinitions>
    <UnitTest name="ToXmlTest" storage="b:\студия\курсы c#\task4\data\contacts\contacts\unittest\bin\debug\unittest.dll" id="29c6250f-b6cf-4d68-153d-6d3df6695a0e">
      <Execution id="14225a30-1f03-45bc-befe-86a479e4e39c" />
      <TestMethod codeBase="B:/студия/Курсы C#/Task4/Data/Contacts/Contacts/Unittest/bin/Debug/Unittest.DLL" adapterTypeName="Microsoft.VisualStudio.TestTools.TestTypes.Unit.UnitTestAdapter, Microsoft.VisualStudio.QualityTools.Tips.UnitTest.Adapter, Version=10.0.0.0, Culture=neutral, PublicKeyToken=b03f5f7f11d50a3a" className="Unittest.CardTest, Unittest, Version=1.0.0.0, Culture=neutral, PublicKeyToken=null" name="ToXmlTest" />
    </UnitTest>
  </TestDefinitions>
  <TestLists>
    <TestList name="Results Not in a List" id="8c84fa94-04c1-424b-9868-57a2d4851a1d" />
    <TestList name="All Loaded Results" id="19431567-8539-422a-85d7-44ee4e166bda" />
  </TestLists>
  <TestEntries>
    <TestEntry testId="29c6250f-b6cf-4d68-153d-6d3df6695a0e" executionId="14225a30-1f03-45bc-befe-86a479e4e39c" testListId="8c84fa94-04c1-424b-9868-57a2d4851a1d" />
  </TestEntries>
  <Results>
    <UnitTestResult executionId="14225a30-1f03-45bc-befe-86a479e4e39c" testId="29c6250f-b6cf-4d68-153d-6d3df6695a0e" testName="ToXmlTest" computerName="DELL" duration="00:00:15.7513225" startTime="2015-08-18T04:35:22.1448582+06:00" endTime="2015-08-18T04:35:38.7827700+06:00" testType="13cdc9d9-ddb5-4fa4-a97d-d965ccfc6d4b" outcome="Passed" testListId="8c84fa94-04c1-424b-9868-57a2d4851a1d" relativeResultsDirectory="14225a30-1f03-45bc-befe-86a479e4e39c">
    </UnitTestResult>
  </Results>
</TestRun>