<?xml version="1.0" encoding="UTF-8"?>
<TestRun id="1f34ad6c-0cbb-4dbf-aa36-faac4fc309d9" name="fora@DELL 2015-08-18 01:57:23" runUser="dell\fora" xmlns="http://microsoft.com/schemas/VisualStudio/TeamTest/2010">
  <TestSettings name="Local" id="ae7f9b34-cdf6-4f5e-886b-aeb8da462ab8">
    <Description>These are default test settings for a local test run.</Description>
    <Deployment enabled="false" runDeploymentRoot="fora_DELL 2015-08-18 01_57_23">
      <DeploymentItem filename="B:\студия\Курсы C#\Task4\Data\Contacts\Contacts\Contacts\bin\Debug\Contacts.exe" />
    </Deployment>
    <Execution>
      <TestTypeSpecific />
      <AgentRule name="Execution Agents">
      </AgentRule>
    </Execution>
  </TestSettings>
  <Times creation="2015-08-18T01:57:23.6692122+06:00" queuing="2015-08-18T01:57:24.4739488+06:00" start="2015-08-18T01:57:24.5339919+06:00" finish="2015-08-18T01:57:24.9062559+06:00" />
  <ResultSummary outcome="Completed">
    <Counters total="1" executed="1" passed="1" error="0" failed="0" timeout="0" aborted="0" inconclusive="0" passedButRunAborted="0" notRunnable="0" notExecuted="0" disconnected="0" warning="0" completed="0" inProgress="0" pending="0" />
  </ResultSummary>
  <TestDefinitions>
    <UnitTest name="CardConstructorTest_CheckSynCodeIsZeroException" storage="b:\студия\курсы c#\task4\data\contacts\contacts\unittest\bin\debug\unittest.dll" id="5493fc41-1c33-f4a7-4664-27f588b206f2">
      <Execution id="4391c893-b5b1-4a09-b3e6-45327e795aed" />
      <TestMethod codeBase="B:/студия/Курсы C#/Task4/Data/Contacts/Contacts/Unittest/bin/Debug/Unittest.DLL" adapterTypeName="Microsoft.VisualStudio.TestTools.TestTypes.Unit.UnitTestAdapter, Microsoft.VisualStudio.QualityTools.Tips.UnitTest.Adapter, Version=10.0.0.0, Culture=neutral, PublicKeyToken=b03f5f7f11d50a3a" className="Unittest.CardTest, Unittest, Version=1.0.0.0, Culture=neutral, PublicKeyToken=null" name="CardConstructorTest_CheckSynCodeIsZeroException" />
    </UnitTest>
  </TestDefinitions>
  <TestLists>
    <TestList name="Results Not in a List" id="8c84fa94-04c1-424b-9868-57a2d4851a1d" />
    <TestList name="All Loaded Results" id="19431567-8539-422a-85d7-44ee4e166bda" />
  </TestLists>
  <TestEntries>
    <TestEntry testId="5493fc41-1c33-f4a7-4664-27f588b206f2" executionId="4391c893-b5b1-4a09-b3e6-45327e795aed" testListId="8c84fa94-04c1-424b-9868-57a2d4851a1d" />
  </TestEntries>
  <Results>
    <UnitTestResult executionId="4391c893-b5b1-4a09-b3e6-45327e795aed" testId="5493fc41-1c33-f4a7-4664-27f588b206f2" testName="CardConstructorTest_CheckSynCodeIsZeroException" computerName="DELL" duration="00:00:00.0213685" startTime="2015-08-18T01:57:24.5490046+06:00" endTime="2015-08-18T01:57:24.8692316+06:00" testType="13cdc9d9-ddb5-4fa4-a97d-d965ccfc6d4b" outcome="Passed" testListId="8c84fa94-04c1-424b-9868-57a2d4851a1d" relativeResultsDirectory="4391c893-b5b1-4a09-b3e6-45327e795aed">
    </UnitTestResult>
  </Results>
</TestRun>