<?xml version="1.0" encoding="UTF-8"?>
<TestRun id="022f2ced-8438-448e-8528-065e43614daf" name="fora@DELL 2015-08-18 03:55:28" runUser="dell\fora" xmlns="http://microsoft.com/schemas/VisualStudio/TeamTest/2010">
  <TestSettings name="Local" id="ae7f9b34-cdf6-4f5e-886b-aeb8da462ab8">
    <Description>These are default test settings for a local test run.</Description>
    <Deployment enabled="false" runDeploymentRoot="fora_DELL 2015-08-18 03_55_28">
      <DeploymentItem filename="B:\студия\Курсы C#\Task4\Data\Contacts\Contacts\Contacts\bin\Debug\Contacts.exe" />
    </Deployment>
    <Execution>
      <TestTypeSpecific />
      <AgentRule name="Execution Agents">
      </AgentRule>
    </Execution>
  </TestSettings>
  <Times creation="2015-08-18T03:55:28.4748742+06:00" queuing="2015-08-18T03:55:29.9677054+06:00" start="2015-08-18T03:55:30.0807846+06:00" finish="2015-08-18T03:56:05.7675271+06:00" />
  <ResultSummary outcome="Completed">
    <Counters total="1" executed="1" passed="1" error="0" failed="0" timeout="0" aborted="0" inconclusive="0" passedButRunAborted="0" notRunnable="0" notExecuted="0" disconnected="0" warning="0" completed="0" inProgress="0" pending="0" />
  </ResultSummary>
  <TestDefinitions>
    <UnitTest name="CardConstructorTest" storage="b:\студия\курсы c#\task4\data\contacts\contacts\unittest\bin\debug\unittest.dll" id="9783d49a-4dee-7cba-5d48-12a02eed8012">
      <Execution id="27019f06-a2ac-4b59-81c2-1ff6b7f1bbef" />
      <TestMethod codeBase="B:/студия/Курсы C#/Task4/Data/Contacts/Contacts/Unittest/bin/Debug/Unittest.DLL" adapterTypeName="Microsoft.VisualStudio.TestTools.TestTypes.Unit.UnitTestAdapter, Microsoft.VisualStudio.QualityTools.Tips.UnitTest.Adapter, Version=10.0.0.0, Culture=neutral, PublicKeyToken=b03f5f7f11d50a3a" className="Unittest.CardTest, Unittest, Version=1.0.0.0, Culture=neutral, PublicKeyToken=null" name="CardConstructorTest" />
    </UnitTest>
  </TestDefinitions>
  <TestLists>
    <TestList name="Results Not in a List" id="8c84fa94-04c1-424b-9868-57a2d4851a1d" />
    <TestList name="All Loaded Results" id="19431567-8539-422a-85d7-44ee4e166bda" />
  </TestLists>
  <TestEntries>
    <TestEntry testId="9783d49a-4dee-7cba-5d48-12a02eed8012" executionId="27019f06-a2ac-4b59-81c2-1ff6b7f1bbef" testListId="8c84fa94-04c1-424b-9868-57a2d4851a1d" />
  </TestEntries>
  <Results>
    <UnitTestResult executionId="27019f06-a2ac-4b59-81c2-1ff6b7f1bbef" testId="9783d49a-4dee-7cba-5d48-12a02eed8012" testName="CardConstructorTest" computerName="DELL" duration="00:00:34.7784044" startTime="2015-08-18T03:55:30.1998717+06:00" endTime="2015-08-18T03:56:05.6744603+06:00" testType="13cdc9d9-ddb5-4fa4-a97d-d965ccfc6d4b" outcome="Passed" testListId="8c84fa94-04c1-424b-9868-57a2d4851a1d" relativeResultsDirectory="27019f06-a2ac-4b59-81c2-1ff6b7f1bbef">
    </UnitTestResult>
  </Results>
</TestRun>